        -:    0:Source:main.c
        -:    1:#include <menu.h>
        -:    2:
        -:    3:struct login{
        -:    4:    	char username[10];
        -:    5:    	char password[10];
        -:    6:}*pUser;
        -:    7:
function userlogin called 1 returned 100% blocks executed 47%
        1:    8:int userlogin()
        -:    9:{
        -:   10:    	FILE *fp;
        -:   11:    	char uName[10], pwd[10];
        -:   12:    	int i;
        1:   13:    	int out=0;
        -:   14:    	char c;
        -:   15:	int u,p;
        1:   16:	int defined_pin=1234;
        -:   17:	int pin;
        1:   18:    	pUser=(struct login *)malloc(sizeof(struct login));
        -:   19:	
        1:   20:    	printf("\t1. Login Through An Existing Account\n\t2. Create New account\n\t3. To Exit\n");
call    0 returned 100%
        1:   21:    	printf("\n\t ENTER Choice : ");
call    0 returned 100%
        1:   22:    	(void)scanf("%d",&i);
call    0 returned 100%
        -:   23:    	
        1:   24:	switch(i)
branch  0 taken 100%
branch  1 taken 0%
branch  2 taken 0%
        -:   25:	{
        1:   26:		case 1:
        1:   27:	    	    	u=0;
        1:   28:	    	    	p=0;
        1:   29:		    	if ( ( fp=fopen(logindat, readdat)) == NULL) 
call    0 returned 100%
branch  1 taken 0% (fallthrough)
branch  2 taken 100%
        -:   30:		    	{
    #####:   31:		        	if (( fp=fopen(logindat, writedat)) == NULL) 
call    0 never executed
branch  1 never executed
branch  2 never executed
        -:   32:		        	{
    #####:   33:		            		printf ("Could not open file\n");
call    0 never executed
    #####:   34:		            		exit (EXIT_FAILURE);
call    0 never executed
        -:   35:		        	}
        -:   36:		    	}
        -:   37:		    	
        1:   38:	    	    	printf("\n\tENTER Username and Password\n");
call    0 returned 100%
        1:   39:		    	printf("\tUsername: ");
call    0 returned 100%
        1:   40:		    	(void)scanf("%9s",uName);
call    0 returned 100%
        1:   41:		    	printf("\tPassword: ");
call    0 returned 100%
        1:   42:		    	(void)scanf("%9s",pwd);
call    0 returned 100%
        8:   43:		    	while ( fread (pUser, sizeof(struct login), 1, fp) == 1) 
call    0 returned 100%
branch  1 taken 88%
branch  2 taken 12% (fallthrough)
        -:   44:		    	{
        7:   45:		        	if( strcmp ( pUser->username, uName) == 0) 
branch  0 taken 14% (fallthrough)
branch  1 taken 86%
        -:   46:		        	{
        1:   47:		            		u=1;
        1:   48:		            		if( strcmp ( pUser->password, pwd) == 0) 
branch  0 taken 100% (fallthrough)
branch  1 taken 0%
        -:   49:		            		{
        1:   50:		                		p=1;
        -:   51:		            		}
        -:   52:		        	}
        -:   53:		    	}
        1:   54:		    	if(u==1 && p==1)
branch  0 taken 100% (fallthrough)
branch  1 taken 0%
branch  2 taken 100% (fallthrough)
branch  3 taken 0%
        -:   55:		    	{
        1:   56:		    		printf("\n\tLOGIN SUCCESSFUL \n");
call    0 returned 100%
        1:   57:		    		out=1;;
        -:   58:		    	}
        -:   59:		    	else
        -:   60:		    	{
    #####:   61:		    		printf("\tLOGIN UNSUCCESSFUL\n");
call    0 never executed
    #####:   62:		    		out=0;
        -:   63:		    	}
        1:   64:		    	break;
        -:   65:
    #####:   66:		case 2:
    #####:   67:			printf("\tENTER PIN TO CONTINUE : ");
call    0 never executed
    #####:   68:		        (void)scanf("%d",&pin);
call    0 never executed
    #####:   69:		        if(pin==defined_pin)
branch  0 never executed
branch  1 never executed
        -:   70:		        {
        -:   71:			    	do
        -:   72:			    	{
    #####:   73:					if ( ( fp=fopen(logindat, appenddat)) == NULL) 
call    0 never executed
branch  1 never executed
branch  2 never executed
        -:   74:					{
    #####:   75:				    		if ( ( fp=fopen(logindat, writedat)) == NULL) 
call    0 never executed
branch  1 never executed
branch  2 never executed
        -:   76:				    		{
    #####:   77:				        		printf ("Could not open file\n");
call    0 never executed
    #####:   78:				        		exit (EXIT_FAILURE);
call    0 never executed
        -:   79:				    		}
        -:   80:					}
    #####:   81:					printf("\tChoose A Username: ");
call    0 never executed
    #####:   82:					(void)scanf("%9s",pUser->username);
call    0 never executed
    #####:   83:					printf("\tChoose A Password: ");
call    0 never executed
    #####:   84:					(void)scanf("%9s",pUser->password);
call    0 never executed
    #####:   85:					fwrite (pUser, sizeof(struct login), 1, fp);
call    0 never executed
    #####:   86:					printf("\tAdd another account? (Y/N): ");
call    0 never executed
    #####:   87:					(void)scanf(" %c",&c);/*skip leading whitespace*/
call    0 never executed
    #####:   88:			    	}while(c=='Y'||c=='y');
branch  0 never executed
branch  1 never executed
branch  2 never executed
branch  3 never executed
    #####:   89:			    	printf("\tSIGNUP SUCCESSFUL\n\tPLEASE REOPEN THE APPLICATION\n");
call    0 never executed
        -:   90:		    	}
        -:   91:		    	else
        -:   92:		    	{
    #####:   93:		    		printf("\n***INVALID PIN***\n");
call    0 never executed
        -:   94:		    	}
    #####:   95:		    	break;
        -:   96:		    		
        -:   97:		    	/*case 3:
        -:   98:		    		exit(EXIT_SUCCESS);*/
    #####:   99:		    	default:
    #####:  100:		    		printf("Wrong input");
call    0 never executed
        -:  101:	    	}
        1:  102:	free (pUser);/*free allocated memory*/
        1:  103:	fclose(fp);
call    0 returned 100%
        1:  104:    	return out;
        -:  105:}   
        -:  106:   
function main called 1 returned 100% blocks executed 100%
        1:  107:int main()
        -:  108:{
        1:  109:    	int x=userlogin();
call    0 returned 100%
        1:  110:    	if(x==1)
branch  0 taken 100% (fallthrough)
branch  1 taken 0%
        -:  111:    	{
        1:  112:    		execMenu();
call    0 returned 100%
        -:  113:    	}
        1:  114:    	return 0;
        -:  115:}
        -:  116:  
