        -:    0:Source:menu.c
        -:    1:
        -:    2:#include <menu.h>
        -:    3:
function menu1 called 23 returned 100% blocks executed 100%
       23:    4:int menu1()
        -:    5:{
       23:    6:      int choice=0;
       23:    7:      printf("\n\t*************************************************************\t\n");
call    0 returned 100%
       23:    8:      printf("\n\t*****************************MENU****************************\t\n");
call    0 returned 100%
       23:    9:      printf( "\n\tPlease enter your choice,\n\t1. CREATE/APPEND USER Table\n\t2. CREATE/APPEND TASK Table\n\t3. READ USER Table \n\t4. READ TASK Table \n\t5. UPDATE records from USER Table \n\t6. UPDATE records from TASK Table \n\t7. DELETE records from USER Table \n\t8. DELETE records from TASK Table \n\t9. SEARCH records from USER Table \n\t10. SEARCH records from TASK Table \n\t11. To Assign Task to User \n\t12. Display assigned User of a Task \n\t13. Display Task of an User\n\t0. EXIT\n\t Choice: ");
call    0 returned 100%
       23:   10:      (void)scanf("%d",&choice);
call    0 returned 100%
        -:   11:      
       23:   12:      return choice;
        -:   13:}
        -:   14:
function execMenu called 1 returned 100% blocks executed 96%
        1:   15:void execMenu()
        -:   16:{
        -:   17:	int uid,tid;
        -:   18:	int n;
        -:   19:	int m;
        1:   20:	bool loop= true;
       24:   21:	while(loop)
branch  0 taken 96%
branch  1 taken 4% (fallthrough)
        -:   22:	{
       23:   23:		switch(menu1())
call    0 returned 100%
branch  1 taken 9%
branch  2 taken 4%
branch  3 taken 13%
branch  4 taken 13%
branch  5 taken 4%
branch  6 taken 4%
branch  7 taken 4%
branch  8 taken 4%
branch  9 taken 9%
branch 10 taken 9%
branch 11 taken 4%
branch 12 taken 13%
branch 13 taken 4%
branch 14 taken 4%
branch 15 taken 0%
        -:   24:	    	{
        2:   25:			case 1:
        2:   26:				printf("\nEnter the number of records you want to enter : ");
call    0 returned 100%
        2:   27:				(void)scanf("%d",&n);
call    0 returned 100%
        2:   28:				create_user(n);
call    0 returned 100%
        2:   29:				break;
        1:   30:			case 2:
        1:   31:				printf("\nEnter the number of records you want to enter : ");
call    0 returned 100%
        1:   32:				(void)scanf("%d",&m);
call    0 returned 100%
        1:   33:				create_task(m);
call    0 returned 100%
        1:   34:				break;       
        3:   35:			case 3:
        3:   36:				read_user();
call    0 returned 100%
        3:   37:				break;
        3:   38:			case 4:
        3:   39:				read_task();
call    0 returned 100%
        3:   40:				break;
        1:   41:			case 5:
        1:   42:				printf("\nEnter the USER Id to update record : ");
call    0 returned 100%
        1:   43:				(void)scanf("%d",&uid);
call    0 returned 100%
        1:   44:				update_user(uid);
call    0 returned 100%
        -:   45:				
        1:   46:				break;
        1:   47:			case 6:
        -:   48:				
        1:   49:				printf("\nEnter the TASK Id to update record : ");
call    0 returned 100%
        1:   50:				(void)scanf("%d",&tid);
call    0 returned 100%
        1:   51:				update_task(tid);
call    0 returned 100%
        1:   52:				break;
        1:   53:			case 7:
        1:   54:				printf("\nEnter the USER Id to DELETE record : ");
call    0 returned 100%
        1:   55:				(void)scanf("%d",&uid);
call    0 returned 100%
        1:   56:				delete_user(uid);
call    0 returned 100%
        1:   57:				break;
        1:   58:			case 8:
        1:   59:				printf("\nEnter the TASK Id to DELETE record : ");
call    0 returned 100%
        1:   60:				(void)scanf("%d",&tid);
call    0 returned 100%
        1:   61:				delete_task(tid);
call    0 returned 100%
        1:   62:				break;
        2:   63:			case 9:
        2:   64:				printf("\nEnter the USER Id to SEARCH record : ");
call    0 returned 100%
        2:   65:				(void)scanf("%d",&uid);
call    0 returned 100%
        2:   66:				search_user(uid);
call    0 returned 100%
        2:   67:				break;
        2:   68:			case 10:
        2:   69:				printf("\nEnter the TASK Id to SEARCH record : ");
call    0 returned 100%
        2:   70:				(void)scanf("%d",&tid);
call    0 returned 100%
        2:   71:				search_task(tid);
call    0 returned 100%
        2:   72:				break;
        1:   73:			case 11:
        1:   74:				assignment();
call    0 returned 100%
        1:   75:				break;
        3:   76:			case 12:
        3:   77:				printf("\nEnter the TASK Id to View assigned users to the task : ");
call    0 returned 100%
        3:   78:				(void)scanf("%d",&tid);
call    0 returned 100%
        3:   79:				display_usertask(tid);
call    0 returned 100%
        3:   80:				break;
        1:   81:			case 13:
        1:   82:				printf("\nEnter the USER Id to View assigned task : ");
call    0 returned 100%
        1:   83:				(void)scanf("%d",&uid);
call    0 returned 100%
        1:   84:				display_taskOfuser(uid);
call    0 returned 100%
        1:   85:				break;
        1:   86:			case 0:
        1:   87:				printf("\n\t*************************************************************\t\n");
call    0 returned 100%
        1:   88:				loop=false;
        1:   89:				break;
        -:   90:				
        -:   91:
    #####:   92:			default:
    #####:   93:				printf("\nEnterd incorrect choice");
call    0 never executed
    #####:   94:				loop=false;
        -:   95:    		}
        -:   96:    	}
        1:   97:}
